<?xml version="1.0" encoding="UTF-8"?>
<!-- Generated by org.testng.reporters.JUnitReportReporter -->
<testsuite hostname="Ashwini" failures="0" tests="1" name="com.session3.Test_DeleteMethod" time="1.571" errors="0" timestamp="2024-04-18T18:11:17 IST" skipped="0">
  <testcase classname="com.session3.Test_DeleteMethod" name="test03" time="1.571"/>
</testsuite> <!-- com.session3.Test_DeleteMethod -->
