<?xml version="1.0" encoding="UTF-8"?>
<!-- Generated by org.testng.reporters.JUnitReportReporter -->
<testsuite hostname="Ashwini" failures="0" tests="1" name="com.session6.ValidateJSONResponseBody" time="1.472" errors="0" timestamp="2024-04-18T18:11:17 IST" skipped="0">
  <testcase classname="com.session6.ValidateJSONResponseBody" name="userListResponseBody" time="1.472"/>
</testsuite> <!-- com.session6.ValidateJSONResponseBody -->
