<?xml version="1.0" encoding="UTF-8"?>
<!-- Generated by org.testng.reporters.JUnitReportReporter -->
<testsuite hostname="Ashwini" failures="0" tests="1" name="com.session5.ValidateResponseHeader" time="1.634" errors="0" timestamp="2024-04-18T18:11:17 IST" skipped="0">
  <testcase classname="com.session5.ValidateResponseHeader" name="getSingleUser" time="1.634"/>
</testsuite> <!-- com.session5.ValidateResponseHeader -->
