<?xml version="1.0" encoding="UTF-8"?>
<!-- Generated by org.testng.reporters.JUnitReportReporter -->
<testsuite hostname="Ashwini" failures="0" tests="1" name="com.session7.QueryParameterDemo" time="2.043" errors="0" timestamp="2024-04-18T18:11:17 IST" skipped="0">
  <testcase classname="com.session7.QueryParameterDemo" name="filterData" time="2.043"/>
</testsuite> <!-- com.session7.QueryParameterDemo -->
