<?xml version="1.0" encoding="UTF-8"?>
<!-- Generated by org.testng.reporters.JUnitReportReporter -->
<testsuite hostname="Ashwini" failures="0" tests="3" name="com.session4.CheckForValidResponse" time="1.678" errors="0" timestamp="2024-04-18T18:11:17 IST" skipped="2">
  <testcase classname="com.session4.CheckForValidResponse" name="getsingleUSerByBBDStyle" time="1.678"/>
  <testcase classname="com.session4.CheckForValidResponse" name="getSingleUser">
    <skipped/>
  </testcase> <!-- getSingleUser -->
  <testcase classname="com.session4.CheckForValidResponse" name="getSingleUserUsingValidTableResponse">
    <skipped/>
  </testcase> <!-- getSingleUserUsingValidTableResponse -->
</testsuite> <!-- com.session4.CheckForValidResponse -->
