<?xml version="1.0" encoding="UTF-8"?>
<!-- Generated by org.testng.reporters.JUnitReportReporter -->
<testsuite hostname="Ashwini" failures="0" tests="2" name="com.session3.Test_GetMethod" time="3.974" errors="0" timestamp="2024-04-18T18:11:17 IST" skipped="0">
  <testcase classname="com.session3.Test_GetMethod" name="test02" time="2.250"/>
  <testcase classname="com.session3.Test_GetMethod" name="test01" time="1.724"/>
</testsuite> <!-- com.session3.Test_GetMethod -->
